<?xml version="1.0" encoding="UTF-8"?>
<testsuite xmlns:xsi="http://www.w3.org/2001/XMLSchema-instance" xsi:noNamespaceSchemaLocation="https://maven.apache.org/surefire/maven-surefire-plugin/xsd/surefire-test-report-3.0.xsd" version="3.0" name="com.ronnyBros.AppTest" time="1.259" tests="1" errors="0" skipped="0" failures="0">
  <properties>
[...]
</properties>
  <testcase name="shouldAnswerWithTrue" classname="com.ronnyBros.AppTest" time="0.008">
    <system-out><![CDATA[Starting DynamoDB Local...
Initializing DynamoDB Local with the following configuration:
Port:	8900
InMemory:	true
Version:	3.3.0
DbPath:	null
SharedDb:	false
shouldDelayTransientStatuses:	false
CorsParams:	null

]]></system-out>
    <system-err><![CDATA[SLF4J: Failed to load class "org.slf4j.impl.StaticLoggerBinder".
SLF4J: Defaulting to no-operation (NOP) logger implementation
SLF4J: See http://www.slf4j.org/codes.html#StaticLoggerBinder for further details.
]]></system-err>
  </testcase>
</testsuite>