<?xml version="1.0" encoding="utf-8"?><testsuites name="pytest tests"><testsuite name="pytest" errors="0" failures="0" skipped="3" tests="3" time="0.424" timestamp="2026-02-21T21:18:36.178081-05:00" hostname="elliotbrittons-MacBook-Air.local"><testcase classname="python.src.test.integration-tests.bicycle_lambda.test_integration_bike_flow" name="test_bike_crud_flow_in_order" time="0.000"><skipped type="pytest.skip" message="DynamoDB Local cannot bind sockets in Codex environment">/Users/elliotbritton/developer/lambda-api-worktrees/worker-2/python/src/test/integration-tests/bicycle_lambda/test_integration_bike_flow.py:51: DynamoDB Local cannot bind sockets in Codex environment</skipped></testcase><testcase classname="python.src.test.integration-tests.bicycle_lambda.test_integration_bike_flow" name="test_bike_get_put_missing_returns_404" time="0.000"><skipped type="pytest.skip" message="DynamoDB Local cannot bind sockets in Codex environment">/Users/elliotbritton/developer/lambda-api-worktrees/worker-2/python/src/test/integration-tests/bicycle_lambda/test_integration_bike_flow.py:113: DynamoDB Local cannot bind sockets in Codex environment</skipped></testcase><testcase classname="python.src.test.integration-tests.bicycle_lambda.test_integration_bike_flow" name="test_bike_update_delete_forbidden_for_non_owner" time="0.000"><skipped type="pytest.skip" message="DynamoDB Local cannot bind sockets in Codex environment">/Users/elliotbritton/developer/lambda-api-worktrees/worker-2/python/src/test/integration-tests/bicycle_lambda/test_integration_bike_flow.py:139: DynamoDB Local cannot bind sockets in Codex environment</skipped></testcase></testsuite></testsuites>