<?xml version="1.0" encoding="UTF-8"?>
<testsuite xmlns:xsi="http://www.w3.org/2001/XMLSchema-instance" xsi:noNamespaceSchemaLocation="https://maven.apache.org/surefire/maven-surefire-plugin/xsd/surefire-test-report-3.0.xsd" version="3.0" name="com.ronnyBros.TestHandler" time="0.564" tests="1" errors="0" skipped="0" failures="0">
  <properties>
[...]
</properties>
  <testcase name="testHandler" classname="com.ronnyBros.TestHandler" time="0.557">
    <system-err><![CDATA[Mockito is currently self-attaching to enable the inline-mock-maker. This will no longer work in future releases of the JDK. Please add Mockito as an agent to your build as described in Mockito's documentation: https://javadoc.io/doc/org.mockito/mockito-core/latest/org.mockito/org/mockito/Mockito.html#0.3
WARNING: A Java agent has been loaded dynamically (/Users/elliotbritton/.m2/repository/net/bytebuddy/byte-buddy-agent/1.15.11/byte-buddy-agent-1.15.11.jar)
WARNING: If a serviceability tool is in use, please run with -XX:+EnableDynamicAgentLoading to hide this warning
WARNING: If a serviceability tool is not in use, please run with -Djdk.instrument.traceUsage for more information
WARNING: Dynamic loading of agents will be disallowed by default in a future release
Feb 02, 2026 10:26:37 PM com.ronnyBros.Handler handleRequest
INFO: EVENT TYPE: class com.amazonaws.services.lambda.runtime.events.APIGatewayV2HTTPEvent
Feb 02, 2026 10:26:37 PM com.ronnyBros.Handler handleRequest
INFO: body is Empty body
Feb 02, 2026 10:26:37 PM com.ronnyBros.Handler handleRequest
INFO: event is: APIGatewayV2HTTPEvent(version=null, routeKey=null, rawPath=null, rawQueryString=null, cookies=null, headers=null, queryStringParameters=null, pathParameters=null, stageVariables=null, body=null, isBase64Encoded=false, requestContext=null)
Feb 02, 2026 10:26:37 PM com.ronnyBros.Handler handleRequest
INFO: context is: Mock for Context, hashCode: 1572820532
Feb 02, 2026 10:26:37 PM com.ronnyBros.TestHandler testHandler
INFO: {"name":"ronny","timeISO":"2026-02-03T03:26:37.711315Z"}
]]></system-err>
  </testcase>
</testsuite>